<?xml version="1.0" encoding="UTF-8"?>
<trace:TraceModel
    xmi:version="2.0"
    xmlns:xmi="http://www.omg.org/XMI"
    xmlns:trace="http://www.eclipse.org/gmf/2006/Trace">
  <nodeTraces
      visualID="2001"
      queryText="(let _eClass_:ecore::EClass = modelFacet.metaClass.ecoreClass in _eClass_.ePackage.nsURI = 'http:///uk/ac/swanseacoventry/cmt/ontrack.ecore' and _eClass_.name = 'Connector') and (let _containmentMF_:ecore::EStructuralFeature = modelFacet.containmentMetaFeature.ecoreFeature in (let _eClass_:ecore::EClass = _containmentMF_.eContainingClass in _eClass_.ePackage.nsURI = 'http:///uk/ac/swanseacoventry/cmt/ontrack.ecore' and _eClass_.name = 'TrackPlan') and _containmentMF_.name = 'connectors')">
    <nodeLabelTraces
        visualID="5001"
        queryText="true"/>
  </nodeTraces>
  <nodeTraces
      visualID="2002"
      queryText="(let _eClass_:ecore::EClass = modelFacet.metaClass.ecoreClass in _eClass_.ePackage.nsURI = 'http:///uk/ac/swanseacoventry/cmt/ontrack.ecore' and _eClass_.name = 'Signal') and (let _containmentMF_:ecore::EStructuralFeature = modelFacet.containmentMetaFeature.ecoreFeature in (let _eClass_:ecore::EClass = _containmentMF_.eContainingClass in _eClass_.ePackage.nsURI = 'http:///uk/ac/swanseacoventry/cmt/ontrack.ecore' and _eClass_.name = 'TrackPlan') and _containmentMF_.name = 'signals')">
    <nodeLabelTraces
        visualID="5002"
        queryText="true"/>
  </nodeTraces>
  <nodeTraces
      visualID="2003"
      queryText="(let _eClass_:ecore::EClass = modelFacet.metaClass.ecoreClass in _eClass_.ePackage.nsURI = 'http:///uk/ac/swanseacoventry/cmt/ontrack.ecore' and _eClass_.name = 'Entrance') and (let _containmentMF_:ecore::EStructuralFeature = modelFacet.containmentMetaFeature.ecoreFeature in (let _eClass_:ecore::EClass = _containmentMF_.eContainingClass in _eClass_.ePackage.nsURI = 'http:///uk/ac/swanseacoventry/cmt/ontrack.ecore' and _eClass_.name = 'TrackPlan') and _containmentMF_.name = 'entrances')"/>
  <nodeTraces
      visualID="2004"
      queryText="(let _eClass_:ecore::EClass = modelFacet.metaClass.ecoreClass in _eClass_.ePackage.nsURI = 'http:///uk/ac/swanseacoventry/cmt/ontrack.ecore' and _eClass_.name = 'Exit') and (let _containmentMF_:ecore::EStructuralFeature = modelFacet.containmentMetaFeature.ecoreFeature in (let _eClass_:ecore::EClass = _containmentMF_.eContainingClass in _eClass_.ePackage.nsURI = 'http:///uk/ac/swanseacoventry/cmt/ontrack.ecore' and _eClass_.name = 'TrackPlan') and _containmentMF_.name = 'exits')"/>
  <nodeTraces
      visualID="2005"
      queryText="(let _eClass_:ecore::EClass = modelFacet.metaClass.ecoreClass in _eClass_.ePackage.nsURI = 'http:///uk/ac/swanseacoventry/cmt/ontrack.ecore' and _eClass_.name = 'Terminal') and (let _containmentMF_:ecore::EStructuralFeature = modelFacet.containmentMetaFeature.ecoreFeature in (let _eClass_:ecore::EClass = _containmentMF_.eContainingClass in _eClass_.ePackage.nsURI = 'http:///uk/ac/swanseacoventry/cmt/ontrack.ecore' and _eClass_.name = 'TrackPlan') and _containmentMF_.name = 'terminals')"/>
  <nodeTraces
      visualID="2006"
      queryText="(let _eClass_:ecore::EClass = modelFacet.metaClass.ecoreClass in _eClass_.ePackage.nsURI = 'http:///uk/ac/swanseacoventry/cmt/ontrack.ecore' and _eClass_.name = 'NewTrack') and (let _containmentMF_:ecore::EStructuralFeature = modelFacet.containmentMetaFeature.ecoreFeature in (let _eClass_:ecore::EClass = _containmentMF_.eContainingClass in _eClass_.ePackage.nsURI = 'http:///uk/ac/swanseacoventry/cmt/ontrack.ecore' and _eClass_.name = 'TrackPlan') and _containmentMF_.name = 'newTrack')"/>
  <nodeTraces
      visualID="2007"
      queryText="(let _eClass_:ecore::EClass = modelFacet.metaClass.ecoreClass in _eClass_.ePackage.nsURI = 'http:///uk/ac/swanseacoventry/cmt/ontrack.ecore' and _eClass_.name = 'NewPoint') and (let _containmentMF_:ecore::EStructuralFeature = modelFacet.containmentMetaFeature.ecoreFeature in (let _eClass_:ecore::EClass = _containmentMF_.eContainingClass in _eClass_.ePackage.nsURI = 'http:///uk/ac/swanseacoventry/cmt/ontrack.ecore' and _eClass_.name = 'TrackPlan') and _containmentMF_.name = 'newPoint')"/>
  <nodeTraces
      visualID="2008"
      queryText="(let _eClass_:ecore::EClass = modelFacet.metaClass.ecoreClass in _eClass_.ePackage.nsURI = 'http:///uk/ac/swanseacoventry/cmt/ontrack.ecore' and _eClass_.name = 'NewCrossing') and (let _containmentMF_:ecore::EStructuralFeature = modelFacet.containmentMetaFeature.ecoreFeature in (let _eClass_:ecore::EClass = _containmentMF_.eContainingClass in _eClass_.ePackage.nsURI = 'http:///uk/ac/swanseacoventry/cmt/ontrack.ecore' and _eClass_.name = 'TrackPlan') and _containmentMF_.name = 'newCrossing')"/>
  <linkTraces
      visualID="4001"
      queryText="modelFacet.oclIsKindOf(gmfgen::TypeLinkModelFacet) and (let _eClass_:ecore::EClass = modelFacet.oclAsType(gmfgen::TypeLinkModelFacet).metaClass.ecoreClass in _eClass_.ePackage.nsURI = 'http:///uk/ac/swanseacoventry/cmt/ontrack.ecore' and _eClass_.name = 'Point')">
    <linkLabelTraces
        visualID="6001"
        queryText="true"/>
  </linkTraces>
  <linkTraces
      visualID="4002"
      queryText="modelFacet.oclIsKindOf(gmfgen::TypeLinkModelFacet) and (let _eClass_:ecore::EClass = modelFacet.oclAsType(gmfgen::TypeLinkModelFacet).metaClass.ecoreClass in _eClass_.ePackage.nsURI = 'http:///uk/ac/swanseacoventry/cmt/ontrack.ecore' and _eClass_.name = 'Crossing')"/>
  <linkTraces
      visualID="4003"
      queryText="modelFacet.oclIsKindOf(gmfgen::FeatureLinkModelFacet) and (let _feature_:ecore::EStructuralFeature = modelFacet.oclAsType(gmfgen::FeatureLinkModelFacet).metaFeature.ecoreFeature in (let _eClass_:ecore::EClass = _feature_.eContainingClass in _eClass_.ePackage.nsURI = 'http:///uk/ac/swanseacoventry/cmt/ontrack.ecore' and _eClass_.name = 'Signal') and _feature_.name = 'track')"/>
  <linkTraces
      visualID="4004"
      queryText="modelFacet.oclIsKindOf(gmfgen::FeatureLinkModelFacet) and (let _feature_:ecore::EStructuralFeature = modelFacet.oclAsType(gmfgen::FeatureLinkModelFacet).metaFeature.ecoreFeature in (let _eClass_:ecore::EClass = _feature_.eContainingClass in _eClass_.ePackage.nsURI = 'http:///uk/ac/swanseacoventry/cmt/ontrack.ecore' and _eClass_.name = 'Signal') and _feature_.name = 'connector')"/>
  <linkTraces
      visualID="4005"
      queryText="modelFacet.oclIsKindOf(gmfgen::TypeLinkModelFacet) and (let _eClass_:ecore::EClass = modelFacet.oclAsType(gmfgen::TypeLinkModelFacet).metaClass.ecoreClass in _eClass_.ePackage.nsURI = 'http:///uk/ac/swanseacoventry/cmt/ontrack.ecore' and _eClass_.name = 'Track')">
    <linkLabelTraces
        visualID="6002"
        queryText="true"/>
  </linkTraces>
  <linkTraces
      visualID="4006"
      queryText="modelFacet.oclIsKindOf(gmfgen::FeatureLinkModelFacet) and (let _feature_:ecore::EStructuralFeature = modelFacet.oclAsType(gmfgen::FeatureLinkModelFacet).metaFeature.ecoreFeature in (let _eClass_:ecore::EClass = _feature_.eContainingClass in _eClass_.ePackage.nsURI = 'http:///uk/ac/swanseacoventry/cmt/ontrack.ecore' and _eClass_.name = 'Entrance') and _feature_.name = 'connector')"/>
  <linkTraces
      visualID="4007"
      queryText="modelFacet.oclIsKindOf(gmfgen::FeatureLinkModelFacet) and (let _feature_:ecore::EStructuralFeature = modelFacet.oclAsType(gmfgen::FeatureLinkModelFacet).metaFeature.ecoreFeature in (let _eClass_:ecore::EClass = _feature_.eContainingClass in _eClass_.ePackage.nsURI = 'http:///uk/ac/swanseacoventry/cmt/ontrack.ecore' and _eClass_.name = 'Exit') and _feature_.name = 'connector')"/>
  <linkTraces
      visualID="4008"
      queryText="modelFacet.oclIsKindOf(gmfgen::FeatureLinkModelFacet) and (let _feature_:ecore::EStructuralFeature = modelFacet.oclAsType(gmfgen::FeatureLinkModelFacet).metaFeature.ecoreFeature in (let _eClass_:ecore::EClass = _feature_.eContainingClass in _eClass_.ePackage.nsURI = 'http:///uk/ac/swanseacoventry/cmt/ontrack.ecore' and _eClass_.name = 'Terminal') and _feature_.name = 'connector')"/>
</trace:TraceModel>
